<?xml version="1.0" encoding="UTF-8" ?>
<testsuite errors="0" failures="0" hostname="Miranda" name="com.flatironschool.javacs.WikiPhilosophyTest" skipped="0" tests="1" time="6.336" timestamp="2016-06-05T09:53:41">
  <properties>
[...]
</properties>
  <testcase classname="com.flatironschool.javacs.WikiPhilosophyTest" name="testMain" time="6.214" />
  <system-out><![CDATA[[https://en.wikipedia.org/wiki/Java_(programming_language), https://en.wikipedia.org/wiki/Java_(programming_language)#mw-head, https://en.wikipedia.org/wiki/Java_(programming_language)#mw-head, https://en.wikipedia.org/wiki/Java_(programming_language)#mw-head, https://en.wikipedia.org/wiki/Java_(programming_language)#mw-head, https://en.wikipedia.org/wiki/Java_(programming_language)#mw-head, https://en.wikipedia.org/wiki/Java_(programming_language)#mw-head, https://en.wikipedia.org/wiki/Java_(programming_language)#mw-head, https://en.wikipedia.org/wiki/Java_(programming_language)#mw-head, https://en.wikipedia.org/wiki/Java_(programming_language)#mw-head, https://en.wikipedia.org/wiki/Java_(programming_language)#mw-head, https://en.wikipedia.org/wiki/Java_(programming_language)#mw-head, https://en.wikipedia.org/wiki/Java_(programming_language)#mw-head, https://en.wikipedia.org/wiki/Java_(programming_language)#mw-head, https://en.wikipedia.org/wiki/Java_(programming_language)#mw-head]
]]></system-out>
  <system-err><![CDATA[]]></system-err>
</testsuite>
